\BOOKMARK [1][-]{section*.2}{\376\377\000S\000p\000e\000r\000r\000v\000e\000r\000m\000e\000r\000k}{}% 1
\BOOKMARK [1][-]{section*.4}{\376\377\000E\000i\000d\000e\000s\000s\000t\000a\000t\000t\000l\000i\000c\000h\000e\000\040\000E\000r\000k\000l\000\344\000r\000u\000n\000g}{}% 2
\BOOKMARK [1][-]{section*.6}{\376\377\000K\000u\000r\000z\000f\000a\000s\000s\000u\000n\000g}{}% 3
\BOOKMARK [1][-]{section*.10}{\376\377\000A\000b\000k\000\374\000r\000z\000u\000n\000g\000s\000v\000e\000r\000z\000e\000i\000c\000h\000n\000i\000s}{}% 4
\BOOKMARK [1][-]{section*.11}{\376\377\000A\000b\000b\000i\000l\000d\000u\000n\000g\000s\000v\000e\000r\000z\000e\000i\000c\000h\000n\000i\000s}{}% 5
\BOOKMARK [1][-]{section*.13}{\376\377\000Q\000u\000e\000l\000l\000c\000o\000d\000e\000v\000e\000r\000z\000e\000i\000c\000h\000n\000i\000s}{}% 6
\BOOKMARK [1][-]{section*.15}{\376\377\000V\000o\000r\000b\000e\000m\000e\000r\000k\000u\000n\000g}{}% 7
\BOOKMARK [1][-]{section.1}{\376\377\000E\000i\000n\000l\000e\000i\000t\000u\000n\000g}{}% 8
\BOOKMARK [2][-]{subsection.1.1}{\376\377\000A\000u\000s\000g\000a\000n\000g\000s\000s\000i\000t\000u\000a\000t\000i\000o\000n}{section.1}% 9
\BOOKMARK [2][-]{subsection.1.2}{\376\377\000Z\000i\000e\000l}{section.1}% 10
\BOOKMARK [1][-]{section.2}{\376\377\000G\000r\000u\000n\000d\000l\000a\000g\000e\000n}{}% 11
\BOOKMARK [2][-]{subsection.2.1}{\376\377\000T\000a\000n\000k\000a\000u\000t\000o\000m\000a\000t}{section.2}% 12
\BOOKMARK [3][-]{subsubsection.2.1.1}{\376\377\000T\000a\000n\000k\000a\000b\000l\000a\000u\000f}{subsection.2.1}% 13
\BOOKMARK [3][-]{subsubsection.2.1.2}{\376\377\000C\000l\000o\000u\000d\000\040\000S\000c\000h\000n\000i\000t\000t\000s\000t\000e\000l\000l\000e}{subsection.2.1}% 14
\BOOKMARK [3][-]{subsubsection.2.1.3}{\376\377\000L\000o\000k\000a\000l\000e\000r\000\040\000D\000a\000t\000e\000n\000b\000a\000n\000k\000s\000p\000e\000i\000c\000h\000e\000r}{subsection.2.1}% 15
\BOOKMARK [2][-]{subsection.2.2}{\376\377\000S\000o\000f\000t\000w\000a\000r\000e}{section.2}% 16
\BOOKMARK [3][-]{subsubsection.2.2.1}{\376\377\000Q\000t\000\040\000F\000r\000a\000m\000e\000w\000o\000r\000k}{subsection.2.2}% 17
\BOOKMARK [3][-]{subsubsection.2.2.2}{\376\377\000Q\000t\000\040\000T\000e\000s\000t}{subsection.2.2}% 18
\BOOKMARK [3][-]{subsubsection.2.2.3}{\376\377\000K\000o\000n\000t\000i\000n\000u\000i\000e\000r\000l\000i\000c\000h\000e\000\040\000I\000n\000t\000e\000g\000r\000a\000t\000i\000o\000n}{subsection.2.2}% 19
\BOOKMARK [2][-]{subsection.2.3}{\376\377\000D\000a\000s\000\040\000W\000e\000b\000S\000o\000c\000k\000e\000t\000\040\000P\000r\000o\000t\000o\000k\000o\000l\000l}{section.2}% 20
\BOOKMARK [2][-]{subsection.2.4}{\376\377\000O\000p\000e\000n\000\040\000C\000h\000a\000r\000g\000e\000\040\000P\000o\000i\000n\000t\000\040\000P\000r\000o\000t\000o\000c\000o\000l}{section.2}% 21
\BOOKMARK [3][-]{subsubsection.2.4.1}{\376\377\000A\000k\000t\000e\000u\000r\000e\000\040\000i\000m\000\040\000L\000a\000d\000e\000s\000y\000s\000t\000e\000m}{subsection.2.4}% 22
\BOOKMARK [3][-]{subsubsection.2.4.2}{\376\377\000V\000e\000r\000b\000i\000n\000d\000u\000n\000g\000s\000a\000u\000f\000b\000a\000u}{subsection.2.4}% 23
\BOOKMARK [3][-]{subsubsection.2.4.3}{\376\377\000S\000e\000c\000u\000r\000i\000t\000y\000\040\000P\000r\000o\000f\000i\000l\000e\000s}{subsection.2.4}% 24
\BOOKMARK [3][-]{subsubsection.2.4.4}{\376\377\000R\000P\000C\000\040\000-\000\040\000F\000r\000a\000m\000e\000w\000o\000r\000k}{subsection.2.4}% 25
\BOOKMARK [3][-]{subsubsection.2.4.5}{\376\377\000U\000n\000t\000e\000r\000s\000c\000h\000e\000i\000d\000u\000n\000g\000\040\000z\000w\000i\000s\000c\000h\000e\000n\000\040\000O\000C\000P\000P\000\040\000v\0001\000.\0006\000\040\000u\000n\000d\000\040\000v\0002\000.\0000\000.\0001}{subsection.2.4}% 26
\BOOKMARK [1][-]{section.3}{\376\377\000K\000o\000n\000z\000e\000p\000t\000i\000o\000n}{}% 27
\BOOKMARK [2][-]{subsection.3.1}{\376\377\000A\000u\000f\000g\000a\000b\000e\000n\000s\000t\000e\000l\000l\000u\000n\000g}{section.3}% 28
\BOOKMARK [3][-]{subsubsection.3.1.1}{\376\377\000R\000a\000n\000d\000b\000e\000d\000i\000n\000g\000u\000n\000g\000e\000n}{subsection.3.1}% 29
\BOOKMARK [3][-]{subsubsection.3.1.2}{\376\377\000A\000n\000f\000o\000r\000d\000e\000r\000u\000n\000g\000e\000n}{subsection.3.1}% 30
\BOOKMARK [2][-]{subsection.3.2}{\376\377\000B\000e\000n\000\366\000t\000i\000g\000t\000e\000\040\000O\000C\000P\000P\000\040\000F\000u\000n\000k\000t\000i\000o\000n\000a\000l\000i\000t\000\344\000t}{section.3}% 31
\BOOKMARK [3][-]{subsubsection.3.2.1}{\376\377\000A\000l\000l\000g\000e\000m\000e\000i\000n}{subsection.3.2}% 32
\BOOKMARK [3][-]{subsubsection.3.2.2}{\376\377\000B\000o\000o\000t\000\040\000P\000h\000a\000s\000e}{subsection.3.2}% 33
\BOOKMARK [3][-]{subsubsection.3.2.3}{\376\377\000S\000t\000a\000r\000t\000\040\000d\000e\000s\000\040\000L\000a\000d\000e\000v\000o\000r\000g\000a\000n\000g\000s}{subsection.3.2}% 34
\BOOKMARK [3][-]{subsubsection.3.2.4}{\376\377\000S\000t\000o\000p\000p\000\040\000d\000e\000s\000\040\000L\000a\000d\000e\000v\000o\000r\000g\000a\000n\000g\000s}{subsection.3.2}% 35
\BOOKMARK [3][-]{subsubsection.3.2.5}{\376\377\000S\000i\000c\000h\000e\000r\000h\000e\000i\000t}{subsection.3.2}% 36
\BOOKMARK [3][-]{subsubsection.3.2.6}{\376\377\000F\000i\000n\000a\000l\000e\000\040\000A\000u\000s\000w\000a\000h\000l\000\040\000d\000e\000r\000\040\000b\000e\000n\000\366\000t\000i\000g\000t\000e\000t\000\040\000O\000C\000P\000P\000\040\000N\000a\000c\000h\000r\000i\000c\000h\000t\000e\000n}{subsection.3.2}% 37
\BOOKMARK [2][-]{subsection.3.3}{\376\377\000E\000r\000w\000e\000i\000t\000e\000r\000u\000n\000g\000\040\000d\000e\000r\000\040\000C\000l\000o\000u\000d\000\040\000W\000e\000b\000o\000b\000e\000r\000f\000l\000\344\000c\000h\000e\000\040\000u\000n\000d\000\040\000D\000a\000t\000e\000n\000b\000a\000n\000k}{section.3}% 38
\BOOKMARK [2][-]{subsection.3.4}{\376\377\000L\000\366\000s\000u\000n\000g\000s\000s\000t\000r\000a\000t\000e\000g\000i\000e}{section.3}% 39
\BOOKMARK [3][-]{subsubsection.3.4.1}{\376\377\000B\000i\000b\000l\000i\000o\000t\000h\000e\000k\000e\000n}{subsection.3.4}% 40
\BOOKMARK [3][-]{subsubsection.3.4.2}{\376\377\000E\000i\000g\000e\000n\000l\000\366\000s\000u\000n\000g}{subsection.3.4}% 41
\BOOKMARK [3][-]{subsubsection.3.4.3}{\376\377\000V\000e\000r\000g\000l\000e\000i\000c\000h}{subsection.3.4}% 42
\BOOKMARK [3][-]{subsubsection.3.4.4}{\376\377\000W\000e\000b\000S\000o\000c\000k\000e\000t\000\040\000B\000i\000b\000l\000i\000o\000t\000h\000e\000k}{subsection.3.4}% 43
\BOOKMARK [2][-]{subsection.3.5}{\376\377\000G\000e\000p\000l\000a\000n\000t\000e\000s\000\040\000V\000o\000r\000g\000e\000h\000e\000n}{section.3}% 44
\BOOKMARK [3][-]{subsubsection.3.5.1}{\376\377\000M\000o\000d\000i\000f\000i\000k\000a\000t\000i\000o\000n\000\040\000d\000e\000r\000\040\000b\000e\000s\000t\000e\000h\000e\000n\000d\000e\000n\000\040\000S\000y\000s\000t\000e\000m\000e}{subsection.3.5}% 45
\BOOKMARK [3][-]{subsubsection.3.5.2}{\376\377\000G\000U\000I\000\040\000P\000l\000a\000n\000u\000n\000g}{subsection.3.5}% 46
\BOOKMARK [3][-]{subsubsection.3.5.3}{\376\377\000I\000n\000t\000e\000g\000r\000a\000t\000i\000o\000n\000\040\000v\000o\000n\000\040\000O\000C\000P\000P}{subsection.3.5}% 47
\BOOKMARK [3][-]{subsubsection.3.5.4}{\376\377\000C\000l\000o\000u\000d\000\040\000S\000c\000h\000n\000i\000t\000t\000s\000t\000e\000l\000l\000e\000n\000\040\000E\000r\000w\000e\000i\000t\000e\000r\000u\000n\000g}{subsection.3.5}% 48
\BOOKMARK [2][-]{subsection.3.6}{\376\377\000A\000r\000c\000h\000i\000t\000e\000k\000t\000u\000r\000\040\000d\000e\000r\000\040\000S\000c\000h\000n\000i\000t\000t\000s\000t\000e\000l\000l\000e}{section.3}% 49
\BOOKMARK [3][-]{subsubsection.3.6.1}{\376\377\000K\000o\000m\000p\000o\000n\000e\000n\000t\000e\000n\000\040\000A\000u\000f\000b\000a\000u}{subsection.3.6}% 50
\BOOKMARK [3][-]{subsubsection.3.6.2}{\376\377\000T\000h\000r\000e\000a\000d\000s}{subsection.3.6}% 51
\BOOKMARK [3][-]{subsubsection.3.6.3}{\376\377\000O\000C\000P\000P\000\040\000N\000a\000c\000h\000r\000i\000c\000h\000t\000e\000n\000\040\000S\000t\000r\000u\000k\000t\000u\000r}{subsection.3.6}% 52
\BOOKMARK [3][-]{subsubsection.3.6.4}{\376\377\000O\000C\000P\000P\000\040\000N\000a\000c\000h\000r\000i\000c\000h\000t\000e\000n\000\040\000H\000a\000n\000d\000l\000e\000r}{subsection.3.6}% 53
\BOOKMARK [1][-]{section.4}{\376\377\000I\000m\000p\000l\000e\000m\000e\000n\000t\000i\000e\000r\000u\000n\000g}{}% 54
\BOOKMARK [2][-]{subsection.4.1}{\376\377\000A\000n\000p\000a\000s\000s\000u\000n\000g\000e\000n}{section.4}% 55
\BOOKMARK [2][-]{subsection.4.2}{\376\377\000G\000U\000I}{section.4}% 56
\BOOKMARK [2][-]{subsection.4.3}{\376\377\000O\000C\000P\000P\000\040\000P\000r\000o\000t\000o\000k\000o\000l\000l}{section.4}% 57
\BOOKMARK [3][-]{subsubsection.4.3.1}{\376\377\000W\000e\000b\000S\000o\000c\000k\000e\000t\000S\000e\000r\000v\000e\000r}{subsection.4.3}% 58
\BOOKMARK [3][-]{subsubsection.4.3.2}{\376\377\000R\000P\000C\000\040\000P\000r\000o\000t\000o\000k\000o\000l\000l}{subsection.4.3}% 59
\BOOKMARK [3][-]{subsubsection.4.3.3}{\376\377\000O\000C\000P\000P\000\040\000H\000a\000n\000d\000l\000e\000r\000\040\000u\000n\000d\000\040\000N\000a\000c\000h\000r\000i\000c\000h\000t\000e\000n}{subsection.4.3}% 60
\BOOKMARK [2][-]{subsection.4.4}{\376\377\000C\000l\000o\000u\000d\000\040\000S\000c\000h\000n\000i\000t\000t\000s\000t\000e\000l\000l\000e}{section.4}% 61
\BOOKMARK [1][-]{section.5}{\376\377\000T\000e\000s\000t}{}% 62
\BOOKMARK [2][-]{subsection.5.1}{\376\377\000T\000e\000s\000t\000s\000t\000r\000a\000t\000e\000g\000i\000e}{section.5}% 63
\BOOKMARK [3][-]{subsubsection.5.1.1}{\376\377\000V\000a\000l\000i\000d\000i\000e\000r\000u\000n\000g\000\040\000d\000e\000r\000\040\000A\000n\000f\000o\000r\000d\000e\000r\000u\000n\000g\000e\000n}{subsection.5.1}% 64
\BOOKMARK [3][-]{subsubsection.5.1.2}{\376\377\000T\000e\000s\000t\000p\000l\000a\000n\000u\000n\000g}{subsection.5.1}% 65
\BOOKMARK [3][-]{subsubsection.5.1.3}{\376\377\000T\000e\000s\000t\000u\000m\000g\000e\000b\000u\000n\000g}{subsection.5.1}% 66
\BOOKMARK [2][-]{subsection.5.2}{\376\377\000U\000m\000s\000e\000t\000z\000u\000n\000g}{section.5}% 67
\BOOKMARK [3][-]{subsubsection.5.2.1}{\376\377\000D\000u\000r\000c\000h\000f\000\374\000h\000r\000u\000n\000g}{subsection.5.2}% 68
\BOOKMARK [3][-]{subsubsection.5.2.2}{\376\377\000E\000r\000g\000e\000b\000n\000i\000s\000s\000e}{subsection.5.2}% 69
\BOOKMARK [2][-]{subsection.5.3}{\376\377\000E\000r\000\366\000r\000t\000e\000r\000u\000n\000g\000\040\000w\000e\000i\000t\000e\000r\000e\000r\000\040\000T\000e\000s\000t\000m\000\366\000g\000l\000i\000c\000h\000k\000e\000i\000t\000e\000n}{section.5}% 70
\BOOKMARK [3][-]{subsubsection.5.3.1}{\376\377\000N\000i\000c\000h\000t\000-\000f\000u\000n\000k\000t\000i\000o\000n\000a\000l\000e\000\040\000T\000e\000s\000t\000s}{subsection.5.3}% 71
\BOOKMARK [3][-]{subsubsection.5.3.2}{\376\377\000K\000o\000m\000p\000o\000n\000e\000n\000t\000e\000n\000t\000e\000s\000t\000s}{subsection.5.3}% 72
\BOOKMARK [3][-]{subsubsection.5.3.3}{\376\377\000I\000n\000t\000e\000g\000r\000a\000t\000i\000o\000n\000s\000t\000e\000s\000t\000s}{subsection.5.3}% 73
\BOOKMARK [1][-]{section.6}{\376\377\000F\000a\000z\000i\000t\000\040\000u\000n\000d\000\040\000A\000u\000s\000b\000l\000i\000c\000k}{}% 74
\BOOKMARK [1][-]{section*.50}{\376\377\000L\000i\000t\000e\000r\000a\000t\000u\000r\000v\000e\000r\000z\000e\000i\000c\000h\000n\000i\000s}{}% 75
\BOOKMARK [1][-]{appendix.A}{\376\377\000O\000C\000P\000P\0002\000.\0000\000.\0001\000\040\000E\000r\000w\000a\000r\000t\000e\000t\000e\000\040\000A\000b\000l\000\344\000u\000f\000e}{}% 76
\BOOKMARK [2][-]{subsection.A.1}{\376\377\000B\000o\000o\000t\000\040\000P\000e\000n\000d\000i\000n\000g\000\040\000O\000C\000P\000P\0002\000.\0000\000.\0001}{appendix.A}% 77
\BOOKMARK [2][-]{subsection.A.2}{\376\377\000B\000o\000o\000t\000\040\000A\000c\000c\000e\000p\000t\000e\000d\000\040\000O\000C\000P\000P\0002\000.\0000\000.\0001}{appendix.A}% 78
\BOOKMARK [2][-]{subsection.A.3}{\376\377\000B\000o\000o\000t\000\040\000R\000e\000j\000e\000c\000t\000e\000d\000\040\000O\000C\000P\000P\0002\000.\0000\000.\0001}{appendix.A}% 79
\BOOKMARK [2][-]{subsection.A.4}{\376\377\000S\000t\000a\000r\000t\000\040\000d\000e\000s\000\040\000L\000a\000d\000e\000v\000o\000r\000g\000a\000n\000g\000s\000\040\000O\000C\000P\000P\0002\000.\0000\000.\0001}{appendix.A}% 80
\BOOKMARK [2][-]{subsection.A.5}{\376\377\000S\000t\000o\000p\000p\000\040\000d\000e\000s\000\040\000L\000a\000d\000e\000v\000o\000r\000g\000a\000n\000g\000s\000\040\000O\000C\000P\000P\0002\000.\0000\000.\0001}{appendix.A}% 81
\BOOKMARK [1][-]{appendix.B}{\376\377\000M\000a\000n\000u\000e\000l\000l\000e\000\040\000T\000e\000s\000t\000s\000p\000e\000z\000i\000f\000i\000k\000a\000t\000i\000o\000n}{}% 82
